2021-04-19 20:36:34.180  INFO 9692 --- [main] com.liu.MyfirstsiteApplication           : Starting MyfirstsiteApplication using Java 1.8.0_101 on PC-20191206ZYQQ with PID 9692 (D:\Downloads\myfirstsite\target\classes started by Administrator in D:\Downloads\myfirstsite)
2021-04-19 20:36:34.220 DEBUG 9692 --- [main] com.liu.MyfirstsiteApplication           : Running with Spring Boot v2.4.0, Spring v5.3.1
2021-04-19 20:36:34.220  INFO 9692 --- [main] com.liu.MyfirstsiteApplication           : The following profiles are active: dev
2021-04-19 20:36:35.400  INFO 9692 --- [main] .s.d.r.c.RepositoryConfigurationDelegate : Bootstrapping Spring Data JPA repositories in DEFERRED mode.
2021-04-19 20:36:35.420  INFO 9692 --- [main] .s.d.r.c.RepositoryConfigurationDelegate : Finished Spring Data repository scanning in 13 ms. Found 0 JPA repository interfaces.
2021-04-19 20:36:35.730  INFO 9692 --- [main] trationDelegate$BeanPostProcessorChecker : Bean 'shiroConfig' of type [com.liu.config.ShiroConfig$$EnhancerBySpringCGLIB$$275d1d3e] is not eligible for getting processed by all BeanPostProcessors (for example: not eligible for auto-proxying)
2021-04-19 20:36:35.750  INFO 9692 --- [main] trationDelegate$BeanPostProcessorChecker : Bean 'hashedCredentialsMatcher' of type [org.apache.shiro.authc.credential.HashedCredentialsMatcher] is not eligible for getting processed by all BeanPostProcessors (for example: not eligible for auto-proxying)
2021-04-19 20:36:35.830  INFO 9692 --- [main] trationDelegate$BeanPostProcessorChecker : Bean 'mybatis-org.mybatis.spring.boot.autoconfigure.MybatisProperties' of type [org.mybatis.spring.boot.autoconfigure.MybatisProperties] is not eligible for getting processed by all BeanPostProcessors (for example: not eligible for auto-proxying)
2021-04-19 20:36:35.830  INFO 9692 --- [main] trationDelegate$BeanPostProcessorChecker : Bean 'org.mybatis.spring.boot.autoconfigure.MybatisAutoConfiguration' of type [org.mybatis.spring.boot.autoconfigure.MybatisAutoConfiguration$$EnhancerBySpringCGLIB$$cbd751df] is not eligible for getting processed by all BeanPostProcessors (for example: not eligible for auto-proxying)
2021-04-19 20:36:35.830  INFO 9692 --- [main] trationDelegate$BeanPostProcessorChecker : Bean 'druidConfig' of type [com.liu.config.DruidConfig$$EnhancerBySpringCGLIB$$7c0380af] is not eligible for getting processed by all BeanPostProcessors (for example: not eligible for auto-proxying)
2021-04-19 20:36:35.930  INFO 9692 --- [main] trationDelegate$BeanPostProcessorChecker : Bean 'druidDataSource' of type [com.alibaba.druid.pool.DruidDataSource] is not eligible for getting processed by all BeanPostProcessors (for example: not eligible for auto-proxying)
2021-04-19 20:36:35.960  INFO 9692 --- [main] trationDelegate$BeanPostProcessorChecker : Bean 'spring.datasource-org.springframework.boot.autoconfigure.jdbc.DataSourceProperties' of type [org.springframework.boot.autoconfigure.jdbc.DataSourceProperties] is not eligible for getting processed by all BeanPostProcessors (for example: not eligible for auto-proxying)
2021-04-19 20:36:35.960  INFO 9692 --- [main] trationDelegate$BeanPostProcessorChecker : Bean 'org.springframework.boot.autoconfigure.jdbc.DataSourceInitializerInvoker' of type [org.springframework.boot.autoconfigure.jdbc.DataSourceInitializerInvoker] is not eligible for getting processed by all BeanPostProcessors (for example: not eligible for auto-proxying)
2021-04-19 20:36:36.130  INFO 9692 --- [main] trationDelegate$BeanPostProcessorChecker : Bean 'sqlSessionFactory' of type [org.apache.ibatis.session.defaults.DefaultSqlSessionFactory] is not eligible for getting processed by all BeanPostProcessors (for example: not eligible for auto-proxying)
2021-04-19 20:36:36.160  INFO 9692 --- [main] trationDelegate$BeanPostProcessorChecker : Bean 'sqlSessionTemplate' of type [org.mybatis.spring.SqlSessionTemplate] is not eligible for getting processed by all BeanPostProcessors (for example: not eligible for auto-proxying)
2021-04-19 20:36:36.160  INFO 9692 --- [main] trationDelegate$BeanPostProcessorChecker : Bean 'userMapper' of type [org.mybatis.spring.mapper.MapperFactoryBean] is not eligible for getting processed by all BeanPostProcessors (for example: not eligible for auto-proxying)
2021-04-19 20:36:36.160  INFO 9692 --- [main] trationDelegate$BeanPostProcessorChecker : Bean 'userMapper' of type [com.sun.proxy.$Proxy69] is not eligible for getting processed by all BeanPostProcessors (for example: not eligible for auto-proxying)
2021-04-19 20:36:36.170  INFO 9692 --- [main] trationDelegate$BeanPostProcessorChecker : Bean 'userServiceImpl' of type [com.liu.service.impl.UserServiceImpl] is not eligible for getting processed by all BeanPostProcessors (for example: not eligible for auto-proxying)
2021-04-19 20:36:36.170  INFO 9692 --- [main] trationDelegate$BeanPostProcessorChecker : Bean 'userRealm' of type [com.liu.shiro.UserRealm] is not eligible for getting processed by all BeanPostProcessors (for example: not eligible for auto-proxying)
2021-04-19 20:36:36.290  INFO 9692 --- [main] trationDelegate$BeanPostProcessorChecker : Bean 'getDefaultWebSecurityManager' of type [org.apache.shiro.web.mgt.DefaultWebSecurityManager] is not eligible for getting processed by all BeanPostProcessors (for example: not eligible for auto-proxying)
2021-04-19 20:36:36.590  INFO 9692 --- [main] o.s.b.w.embedded.tomcat.TomcatWebServer  : Tomcat initialized with port(s): 8080 (http)
2021-04-19 20:36:36.600  INFO 9692 --- [main] o.apache.catalina.core.StandardService   : Starting service [Tomcat]
2021-04-19 20:36:36.600  INFO 9692 --- [main] org.apache.catalina.core.StandardEngine  : Starting Servlet engine: [Apache Tomcat/9.0.39]
2021-04-19 20:36:36.750  INFO 9692 --- [main] o.a.c.c.C.[Tomcat].[localhost].[/]       : Initializing Spring embedded WebApplicationContext
2021-04-19 20:36:36.750  INFO 9692 --- [main] w.s.c.ServletWebServerApplicationContext : Root WebApplicationContext: initialization completed in 2340 ms
2021-04-19 20:36:36.850  INFO 9692 --- [main] o.s.s.concurrent.ThreadPoolTaskExecutor  : Initializing ExecutorService 'applicationTaskExecutor'
2021-04-19 20:36:36.910  INFO 9692 --- [task-1] o.hibernate.jpa.internal.util.LogHelper  : HHH000204: Processing PersistenceUnitInfo [name: default]
2021-04-19 20:36:36.980  INFO 9692 --- [task-1] org.hibernate.Version                    : HHH000412: Hibernate ORM core version 5.4.23.Final
2021-04-19 20:36:37.020  WARN 9692 --- [main] JpaBaseConfiguration$JpaWebConfiguration : spring.jpa.open-in-view is enabled by default. Therefore, database queries may be performed during view rendering. Explicitly configure spring.jpa.open-in-view to disable this warning
2021-04-19 20:36:37.230  INFO 9692 --- [task-1] o.hibernate.annotations.common.Version   : HCANN000001: Hibernate Commons Annotations {5.1.2.Final}
2021-04-19 20:36:37.530  INFO 9692 --- [main] o.s.b.w.embedded.tomcat.TomcatWebServer  : Tomcat started on port(s): 8080 (http) with context path ''
2021-04-19 20:36:37.530  INFO 9692 --- [main] DeferredRepositoryInitializationListener : Triggering deferred initialization of Spring Data repositories…
2021-04-19 20:36:37.530  INFO 9692 --- [main] DeferredRepositoryInitializationListener : Spring Data repositories initialized!
2021-04-19 20:36:37.550  INFO 9692 --- [main] com.liu.MyfirstsiteApplication           : Started MyfirstsiteApplication in 4.565 seconds (JVM running for 6.292)
2021-04-19 20:36:37.670  INFO 9692 --- [task-1] com.alibaba.druid.pool.DruidDataSource   : {dataSource-1} inited
2021-04-19 20:36:37.690  INFO 9692 --- [task-1] org.hibernate.dialect.Dialect            : HHH000400: Using dialect: org.hibernate.dialect.MySQL55Dialect
2021-04-19 20:36:38.750  INFO 9692 --- [task-1] o.h.e.t.j.p.i.JtaPlatformInitiator       : HHH000490: Using JtaPlatform implementation: [org.hibernate.engine.transaction.jta.platform.internal.NoJtaPlatform]
2021-04-19 20:36:38.760  INFO 9692 --- [task-1] j.LocalContainerEntityManagerFactoryBean : Initialized JPA EntityManagerFactory for persistence unit 'default'
2021-04-19 20:39:10.366  INFO 9692 --- [http-nio-8080-exec-1] o.a.c.c.C.[Tomcat].[localhost].[/]       : Initializing Spring DispatcherServlet 'dispatcherServlet'
2021-04-19 20:39:10.366  INFO 9692 --- [http-nio-8080-exec-1] o.s.web.servlet.DispatcherServlet        : Initializing Servlet 'dispatcherServlet'
2021-04-19 20:39:10.368  INFO 9692 --- [http-nio-8080-exec-1] o.s.web.servlet.DispatcherServlet        : Completed initialization in 2 ms
2021-04-19 20:39:14.484 DEBUG 9692 --- [http-nio-8080-exec-4] c.l.m.B.getIndexRecommenedArticle        : ==>  Preparing: select b.id,b.first_picture,t.name,b.type_id,b.create_time,b.update_time,b.content,b.recommened from blog.t_blog b,blog.t_type t where b.type_id = t.id and b.recommened = ? order by b.create_time desc limit 3 
2021-04-19 20:39:14.650 DEBUG 9692 --- [http-nio-8080-exec-4] c.l.m.B.getIndexRecommenedArticle        : ==> Parameters: true(Boolean)
2021-04-19 20:39:14.712 DEBUG 9692 --- [http-nio-8080-exec-4] c.l.m.B.getIndexRecommenedArticle        : <==      Total: 3
2021-04-19 20:39:21.053 DEBUG 9692 --- [http-nio-8080-exec-3] c.l.m.BlogMapper.getFirstPageBlog_COUNT  : ==>  Preparing: SELECT count(0) FROM blog.t_blog b, blog.t_type t, blog.t_user u WHERE b.type_id = t.id AND b.user_id = u.id 
2021-04-19 20:39:21.055 DEBUG 9692 --- [http-nio-8080-exec-3] c.l.m.BlogMapper.getFirstPageBlog_COUNT  : ==> Parameters: 
2021-04-19 20:39:21.059 DEBUG 9692 --- [http-nio-8080-exec-3] c.l.m.BlogMapper.getFirstPageBlog_COUNT  : <==      Total: 1
2021-04-19 20:39:21.060 DEBUG 9692 --- [http-nio-8080-exec-3] c.l.mapper.BlogMapper.getFirstPageBlog   : ==>  Preparing: select b.id,b.title,b.flag,b.first_picture,b.content,b.views,b.recommened,b.create_time,b.update_time,t.name,u.nick_name from blog.t_blog b,blog.t_type t,blog.t_user u where b.type_id = t.id and b.user_id =u.id order by b.create_time desc LIMIT ? 
2021-04-19 20:39:21.064 DEBUG 9692 --- [http-nio-8080-exec-3] c.l.mapper.BlogMapper.getFirstPageBlog   : ==> Parameters: 10(Integer)
2021-04-19 20:39:21.069 DEBUG 9692 --- [http-nio-8080-exec-3] c.l.mapper.BlogMapper.getFirstPageBlog   : <==      Total: 6
2021-04-19 20:39:21.084 DEBUG 9692 --- [http-nio-8080-exec-3] com.liu.mapper.TypeMapper.typeList       : ==>  Preparing: select * from blog.t_type 
2021-04-19 20:39:21.084 DEBUG 9692 --- [http-nio-8080-exec-3] com.liu.mapper.TypeMapper.typeList       : ==> Parameters: 
2021-04-19 20:39:21.087 DEBUG 9692 --- [http-nio-8080-exec-3] com.liu.mapper.TypeMapper.typeList       : <==      Total: 5
2021-04-19 20:39:21.099 DEBUG 9692 --- [http-nio-8080-exec-3] c.l.m.BlogMapper.getBlogByRecommened     : ==>  Preparing: select id,title,recommened from blog.t_blog b where b.recommened = ? order by create_time desc limit 3 
2021-04-19 20:39:21.100 DEBUG 9692 --- [http-nio-8080-exec-3] c.l.m.BlogMapper.getBlogByRecommened     : ==> Parameters: true(Boolean)
2021-04-19 20:39:21.102 DEBUG 9692 --- [http-nio-8080-exec-3] c.l.m.BlogMapper.getBlogByRecommened     : <==      Total: 3
2021-04-19 20:39:21.103 DEBUG 9692 --- [http-nio-8080-exec-3] c.liu.mapper.BlogMapper.getBlogByViews   : ==>  Preparing: select * from blog.t_blog order by views limit 8 
2021-04-19 20:39:21.104 DEBUG 9692 --- [http-nio-8080-exec-3] c.liu.mapper.BlogMapper.getBlogByViews   : ==> Parameters: 
2021-04-19 20:39:21.108 DEBUG 9692 --- [http-nio-8080-exec-3] c.liu.mapper.BlogMapper.getBlogByViews   : <==      Total: 6
2021-04-19 20:42:10.392 DEBUG 9692 --- [http-nio-8080-exec-5] c.l.m.B.findAllParentComment             : ==>  Preparing: select * from blog.comment c where c.parent_comment_id = ? order by c.create_time desc 
2021-04-19 20:42:10.394 DEBUG 9692 --- [http-nio-8080-exec-5] c.l.m.B.findAllParentComment             : ==> Parameters: -1(Long)
2021-04-19 20:42:10.405 DEBUG 9692 --- [http-nio-8080-exec-5] c.l.m.B.findAllParentComment             : <==      Total: 3
2021-04-19 20:42:10.406 DEBUG 9692 --- [http-nio-8080-exec-5] c.l.m.B.findFirstChildComment            : ==>  Preparing: select * from blog.comment c where c.parent_comment_id = ? order by c.create_time desc 
2021-04-19 20:42:10.406 DEBUG 9692 --- [http-nio-8080-exec-5] c.l.m.B.findFirstChildComment            : ==> Parameters: 46(Long)
2021-04-19 20:42:10.407 DEBUG 9692 --- [http-nio-8080-exec-5] c.l.m.B.findFirstChildComment            : <==      Total: 0
2021-04-19 20:42:10.408 DEBUG 9692 --- [http-nio-8080-exec-5] c.l.m.B.findFirstChildComment            : ==>  Preparing: select * from blog.comment c where c.parent_comment_id = ? order by c.create_time desc 
2021-04-19 20:42:10.408 DEBUG 9692 --- [http-nio-8080-exec-5] c.l.m.B.findFirstChildComment            : ==> Parameters: 1(Long)
2021-04-19 20:42:10.408 DEBUG 9692 --- [http-nio-8080-exec-5] c.l.m.B.findFirstChildComment            : <==      Total: 3
2021-04-19 20:42:10.409 DEBUG 9692 --- [http-nio-8080-exec-5] c.l.m.BCommentMapper.findReplyComment    : ==>  Preparing: select * from blog.comment c where c.parent_comment_id = ? order by c.create_time desc 
2021-04-19 20:42:10.409 DEBUG 9692 --- [http-nio-8080-exec-5] c.l.m.BCommentMapper.findReplyComment    : ==> Parameters: 52(Long)
2021-04-19 20:42:10.410 DEBUG 9692 --- [http-nio-8080-exec-5] c.l.m.BCommentMapper.findReplyComment    : <==      Total: 0
2021-04-19 20:42:10.411 DEBUG 9692 --- [http-nio-8080-exec-5] c.l.m.BCommentMapper.findReplyComment    : ==>  Preparing: select * from blog.comment c where c.parent_comment_id = ? order by c.create_time desc 
2021-04-19 20:42:10.411 DEBUG 9692 --- [http-nio-8080-exec-5] c.l.m.BCommentMapper.findReplyComment    : ==> Parameters: 2(Long)
2021-04-19 20:42:10.412 DEBUG 9692 --- [http-nio-8080-exec-5] c.l.m.BCommentMapper.findReplyComment    : <==      Total: 1
2021-04-19 20:42:10.413 DEBUG 9692 --- [http-nio-8080-exec-5] c.l.m.BCommentMapper.findReplyComment    : ==>  Preparing: select * from blog.comment c where c.parent_comment_id = ? order by c.create_time desc 
2021-04-19 20:42:10.414 DEBUG 9692 --- [http-nio-8080-exec-5] c.l.m.BCommentMapper.findReplyComment    : ==> Parameters: 3(Long)
2021-04-19 20:42:10.417 DEBUG 9692 --- [http-nio-8080-exec-5] c.l.m.BCommentMapper.findReplyComment    : <==      Total: 1
2021-04-19 20:42:10.418 DEBUG 9692 --- [http-nio-8080-exec-5] c.l.m.BCommentMapper.findReplyComment    : ==>  Preparing: select * from blog.comment c where c.parent_comment_id = ? order by c.create_time desc 
2021-04-19 20:42:10.418 DEBUG 9692 --- [http-nio-8080-exec-5] c.l.m.BCommentMapper.findReplyComment    : ==> Parameters: 4(Long)
2021-04-19 20:42:10.421 DEBUG 9692 --- [http-nio-8080-exec-5] c.l.m.BCommentMapper.findReplyComment    : <==      Total: 0
2021-04-19 20:42:10.421 DEBUG 9692 --- [http-nio-8080-exec-5] c.l.m.BCommentMapper.findReplyComment    : ==>  Preparing: select * from blog.comment c where c.parent_comment_id = ? order by c.create_time desc 
2021-04-19 20:42:10.421 DEBUG 9692 --- [http-nio-8080-exec-5] c.l.m.BCommentMapper.findReplyComment    : ==> Parameters: 36(Long)
2021-04-19 20:42:10.422 DEBUG 9692 --- [http-nio-8080-exec-5] c.l.m.BCommentMapper.findReplyComment    : <==      Total: 1
2021-04-19 20:42:10.423 DEBUG 9692 --- [http-nio-8080-exec-5] c.l.m.BCommentMapper.findReplyComment    : ==>  Preparing: select * from blog.comment c where c.parent_comment_id = ? order by c.create_time desc 
2021-04-19 20:42:10.423 DEBUG 9692 --- [http-nio-8080-exec-5] c.l.m.BCommentMapper.findReplyComment    : ==> Parameters: 45(Long)
2021-04-19 20:42:10.424 DEBUG 9692 --- [http-nio-8080-exec-5] c.l.m.BCommentMapper.findReplyComment    : <==      Total: 0
2021-04-19 20:42:10.425 DEBUG 9692 --- [http-nio-8080-exec-5] c.l.m.B.findFirstChildComment            : ==>  Preparing: select * from blog.comment c where c.parent_comment_id = ? order by c.create_time desc 
2021-04-19 20:42:10.425 DEBUG 9692 --- [http-nio-8080-exec-5] c.l.m.B.findFirstChildComment            : ==> Parameters: 33(Long)
2021-04-19 20:42:10.427 DEBUG 9692 --- [http-nio-8080-exec-5] c.l.m.B.findFirstChildComment            : <==      Total: 1
2021-04-19 20:42:10.429 DEBUG 9692 --- [http-nio-8080-exec-5] c.l.m.BCommentMapper.findReplyComment    : ==>  Preparing: select * from blog.comment c where c.parent_comment_id = ? order by c.create_time desc 
2021-04-19 20:42:10.429 DEBUG 9692 --- [http-nio-8080-exec-5] c.l.m.BCommentMapper.findReplyComment    : ==> Parameters: 34(Long)
2021-04-19 20:42:10.430 DEBUG 9692 --- [http-nio-8080-exec-5] c.l.m.BCommentMapper.findReplyComment    : <==      Total: 1
2021-04-19 20:42:10.433 DEBUG 9692 --- [http-nio-8080-exec-5] c.l.m.BCommentMapper.findReplyComment    : ==>  Preparing: select * from blog.comment c where c.parent_comment_id = ? order by c.create_time desc 
2021-04-19 20:42:10.434 DEBUG 9692 --- [http-nio-8080-exec-5] c.l.m.BCommentMapper.findReplyComment    : ==> Parameters: 35(Long)
2021-04-19 20:42:10.435 DEBUG 9692 --- [http-nio-8080-exec-5] c.l.m.BCommentMapper.findReplyComment    : <==      Total: 0
2021-04-19 20:42:15.291 DEBUG 9692 --- [http-nio-8080-exec-3] com.liu.mapper.DiaryMapper.getAllDiary   : ==>  Preparing: select * from blog.t_diary order by update_time limit 10 
2021-04-19 20:42:15.295 DEBUG 9692 --- [http-nio-8080-exec-3] com.liu.mapper.DiaryMapper.getAllDiary   : ==> Parameters: 
2021-04-19 20:42:15.301 DEBUG 9692 --- [http-nio-8080-exec-3] com.liu.mapper.DiaryMapper.getAllDiary   : <==      Total: 1
2021-04-19 20:42:17.537 DEBUG 9692 --- [http-nio-8080-exec-7] c.l.m.FriendLinkMapper.friendLinkList    : ==>  Preparing: select * from blog.t_friend 
2021-04-19 20:42:17.538 DEBUG 9692 --- [http-nio-8080-exec-7] c.l.m.FriendLinkMapper.friendLinkList    : ==> Parameters: 
2021-04-19 20:42:17.539 DEBUG 9692 --- [http-nio-8080-exec-7] c.l.m.FriendLinkMapper.friendLinkList    : <==      Total: 1
2021-04-19 20:42:25.776 DEBUG 9692 --- [http-nio-8080-exec-3] c.l.m.B.getIndexRecommenedArticle        : ==>  Preparing: select b.id,b.first_picture,t.name,b.type_id,b.create_time,b.update_time,b.content,b.recommened from blog.t_blog b,blog.t_type t where b.type_id = t.id and b.recommened = ? order by b.create_time desc limit 3 
2021-04-19 20:42:25.777 DEBUG 9692 --- [http-nio-8080-exec-3] c.l.m.B.getIndexRecommenedArticle        : ==> Parameters: true(Boolean)
2021-04-19 20:42:25.784 DEBUG 9692 --- [http-nio-8080-exec-3] c.l.m.B.getIndexRecommenedArticle        : <==      Total: 3
2021-04-19 20:42:38.597 DEBUG 9692 --- [http-nio-8080-exec-6] c.l.m.BlogMapper.getFirstPageBlog_COUNT  : ==>  Preparing: SELECT count(0) FROM blog.t_blog b, blog.t_type t, blog.t_user u WHERE b.type_id = t.id AND b.user_id = u.id 
2021-04-19 20:42:38.597 DEBUG 9692 --- [http-nio-8080-exec-6] c.l.m.BlogMapper.getFirstPageBlog_COUNT  : ==> Parameters: 
2021-04-19 20:42:38.598 DEBUG 9692 --- [http-nio-8080-exec-6] c.l.m.BlogMapper.getFirstPageBlog_COUNT  : <==      Total: 1
2021-04-19 20:42:38.599 DEBUG 9692 --- [http-nio-8080-exec-6] c.l.mapper.BlogMapper.getFirstPageBlog   : ==>  Preparing: select b.id,b.title,b.flag,b.first_picture,b.content,b.views,b.recommened,b.create_time,b.update_time,t.name,u.nick_name from blog.t_blog b,blog.t_type t,blog.t_user u where b.type_id = t.id and b.user_id =u.id order by b.create_time desc LIMIT ? 
2021-04-19 20:42:38.599 DEBUG 9692 --- [http-nio-8080-exec-6] c.l.mapper.BlogMapper.getFirstPageBlog   : ==> Parameters: 10(Integer)
2021-04-19 20:42:38.603 DEBUG 9692 --- [http-nio-8080-exec-6] c.l.mapper.BlogMapper.getFirstPageBlog   : <==      Total: 6
2021-04-19 20:42:38.604 DEBUG 9692 --- [http-nio-8080-exec-6] com.liu.mapper.TypeMapper.typeList       : ==>  Preparing: select * from blog.t_type 
2021-04-19 20:42:38.604 DEBUG 9692 --- [http-nio-8080-exec-6] com.liu.mapper.TypeMapper.typeList       : ==> Parameters: 
2021-04-19 20:42:38.606 DEBUG 9692 --- [http-nio-8080-exec-6] com.liu.mapper.TypeMapper.typeList       : <==      Total: 5
2021-04-19 20:42:38.616 DEBUG 9692 --- [http-nio-8080-exec-6] c.l.m.BlogMapper.getBlogByRecommened     : ==>  Preparing: select id,title,recommened from blog.t_blog b where b.recommened = ? order by create_time desc limit 3 
2021-04-19 20:42:38.617 DEBUG 9692 --- [http-nio-8080-exec-6] c.l.m.BlogMapper.getBlogByRecommened     : ==> Parameters: true(Boolean)
2021-04-19 20:42:38.618 DEBUG 9692 --- [http-nio-8080-exec-6] c.l.m.BlogMapper.getBlogByRecommened     : <==      Total: 3
2021-04-19 20:42:38.619 DEBUG 9692 --- [http-nio-8080-exec-6] c.liu.mapper.BlogMapper.getBlogByViews   : ==>  Preparing: select * from blog.t_blog order by views limit 8 
2021-04-19 20:42:38.619 DEBUG 9692 --- [http-nio-8080-exec-6] c.liu.mapper.BlogMapper.getBlogByViews   : ==> Parameters: 
2021-04-19 20:42:38.621 DEBUG 9692 --- [http-nio-8080-exec-6] c.liu.mapper.BlogMapper.getBlogByViews   : <==      Total: 6
2021-04-19 20:42:41.382 DEBUG 9692 --- [http-nio-8080-exec-8] c.liu.mapper.BlogMapper.getDetailedBlog  : ==>  Preparing: select b.id,b.title,b.content,b.update_time,b.create_time,b.views,b.comment_count,b.commentabled,b.share_statement,b.appreciation,u.nick_name from blog.t_blog b,blog.t_user u where b.user_id = u.id and b.id = ? 
2021-04-19 20:42:41.384 DEBUG 9692 --- [http-nio-8080-exec-8] c.liu.mapper.BlogMapper.getDetailedBlog  : ==> Parameters: 7(Long)
2021-04-19 20:42:41.389 DEBUG 9692 --- [http-nio-8080-exec-8] c.liu.mapper.BlogMapper.getDetailedBlog  : <==      Total: 1
2021-04-19 20:42:41.391 DEBUG 9692 --- [http-nio-8080-exec-8] com.liu.mapper.BlogMapper.updateViews    : ==>  Preparing: update blog.t_blog b set b.views = b.views +1 where b.id = ? 
2021-04-19 20:42:41.399 DEBUG 9692 --- [http-nio-8080-exec-8] com.liu.mapper.BlogMapper.updateViews    : ==> Parameters: 7(Long)
2021-04-19 20:42:41.423 DEBUG 9692 --- [http-nio-8080-exec-8] com.liu.mapper.BlogMapper.updateViews    : <==    Updates: 1
2021-04-19 20:42:41.424 DEBUG 9692 --- [http-nio-8080-exec-8] c.l.m.BlogMapper.getCommentCountByid     : ==>  Preparing: update blog.t_blog b set b.comment_count = (select count(*) from blog.t_comment c where c.blog_id = ? and b.id = ?) where b.id = ? 
2021-04-19 20:42:41.428 DEBUG 9692 --- [http-nio-8080-exec-8] c.l.m.BlogMapper.getCommentCountByid     : ==> Parameters: 7(Long), 7(Long), 7(Long)
2021-04-19 20:42:41.434 DEBUG 9692 --- [http-nio-8080-exec-8] c.l.m.BlogMapper.getCommentCountByid     : <==    Updates: 1
2021-04-19 20:42:41.435 DEBUG 9692 --- [http-nio-8080-exec-8] com.liu.mapper.BlogMapper.getBlogById    : ==>  Preparing: select b.id,b.title,b.appreciation,b.content,b.first_picture,b.share_statement,b.commentabled,b.recommened,b.published,b.views,b.update_time,b.type_id,t.id,t.name from blog.t_blog b left outer join blog.t_type t on b.type_id = t.id where b.id = ? 
2021-04-19 20:42:41.436 DEBUG 9692 --- [http-nio-8080-exec-8] com.liu.mapper.BlogMapper.getBlogById    : ==> Parameters: 6(Long)
2021-04-19 20:42:41.439 DEBUG 9692 --- [http-nio-8080-exec-8] com.liu.mapper.BlogMapper.getBlogById    : <==      Total: 1
2021-04-19 20:42:41.441 DEBUG 9692 --- [http-nio-8080-exec-8] com.liu.mapper.BlogMapper.getBlogById    : ==>  Preparing: select b.id,b.title,b.appreciation,b.content,b.first_picture,b.share_statement,b.commentabled,b.recommened,b.published,b.views,b.update_time,b.type_id,t.id,t.name from blog.t_blog b left outer join blog.t_type t on b.type_id = t.id where b.id = ? 
2021-04-19 20:42:41.441 DEBUG 9692 --- [http-nio-8080-exec-8] com.liu.mapper.BlogMapper.getBlogById    : ==> Parameters: 8(Long)
2021-04-19 20:42:41.442 DEBUG 9692 --- [http-nio-8080-exec-8] com.liu.mapper.BlogMapper.getBlogById    : <==      Total: 0
2021-04-19 20:42:44.684 DEBUG 9692 --- [http-nio-8080-exec-1] c.liu.mapper.BlogMapper.getDetailedBlog  : ==>  Preparing: select b.id,b.title,b.content,b.update_time,b.create_time,b.views,b.comment_count,b.commentabled,b.share_statement,b.appreciation,u.nick_name from blog.t_blog b,blog.t_user u where b.user_id = u.id and b.id = ? 
2021-04-19 20:42:44.684 DEBUG 9692 --- [http-nio-8080-exec-1] c.liu.mapper.BlogMapper.getDetailedBlog  : ==> Parameters: 6(Long)
2021-04-19 20:42:44.689 DEBUG 9692 --- [http-nio-8080-exec-1] c.liu.mapper.BlogMapper.getDetailedBlog  : <==      Total: 1
2021-04-19 20:42:44.689 DEBUG 9692 --- [http-nio-8080-exec-1] com.liu.mapper.BlogMapper.updateViews    : ==>  Preparing: update blog.t_blog b set b.views = b.views +1 where b.id = ? 
2021-04-19 20:42:44.689 DEBUG 9692 --- [http-nio-8080-exec-1] com.liu.mapper.BlogMapper.updateViews    : ==> Parameters: 6(Long)
2021-04-19 20:42:44.694 DEBUG 9692 --- [http-nio-8080-exec-1] com.liu.mapper.BlogMapper.updateViews    : <==    Updates: 1
2021-04-19 20:42:44.694 DEBUG 9692 --- [http-nio-8080-exec-1] c.l.m.BlogMapper.getCommentCountByid     : ==>  Preparing: update blog.t_blog b set b.comment_count = (select count(*) from blog.t_comment c where c.blog_id = ? and b.id = ?) where b.id = ? 
2021-04-19 20:42:44.695 DEBUG 9692 --- [http-nio-8080-exec-1] c.l.m.BlogMapper.getCommentCountByid     : ==> Parameters: 6(Long), 6(Long), 6(Long)
2021-04-19 20:42:44.697 DEBUG 9692 --- [http-nio-8080-exec-1] c.l.m.BlogMapper.getCommentCountByid     : <==    Updates: 1
2021-04-19 20:42:44.698 DEBUG 9692 --- [http-nio-8080-exec-1] com.liu.mapper.BlogMapper.getBlogById    : ==>  Preparing: select b.id,b.title,b.appreciation,b.content,b.first_picture,b.share_statement,b.commentabled,b.recommened,b.published,b.views,b.update_time,b.type_id,t.id,t.name from blog.t_blog b left outer join blog.t_type t on b.type_id = t.id where b.id = ? 
2021-04-19 20:42:44.698 DEBUG 9692 --- [http-nio-8080-exec-1] com.liu.mapper.BlogMapper.getBlogById    : ==> Parameters: 5(Long)
2021-04-19 20:42:44.699 DEBUG 9692 --- [http-nio-8080-exec-1] com.liu.mapper.BlogMapper.getBlogById    : <==      Total: 1
2021-04-19 20:42:44.700 DEBUG 9692 --- [http-nio-8080-exec-1] com.liu.mapper.BlogMapper.getBlogById    : ==>  Preparing: select b.id,b.title,b.appreciation,b.content,b.first_picture,b.share_statement,b.commentabled,b.recommened,b.published,b.views,b.update_time,b.type_id,t.id,t.name from blog.t_blog b left outer join blog.t_type t on b.type_id = t.id where b.id = ? 
2021-04-19 20:42:44.700 DEBUG 9692 --- [http-nio-8080-exec-1] com.liu.mapper.BlogMapper.getBlogById    : ==> Parameters: 7(Long)
2021-04-19 20:42:44.702 DEBUG 9692 --- [http-nio-8080-exec-1] com.liu.mapper.BlogMapper.getBlogById    : <==      Total: 1
2021-04-19 20:42:46.722 DEBUG 9692 --- [http-nio-8080-exec-4] c.liu.mapper.BlogMapper.getDetailedBlog  : ==>  Preparing: select b.id,b.title,b.content,b.update_time,b.create_time,b.views,b.comment_count,b.commentabled,b.share_statement,b.appreciation,u.nick_name from blog.t_blog b,blog.t_user u where b.user_id = u.id and b.id = ? 
2021-04-19 20:42:46.723 DEBUG 9692 --- [http-nio-8080-exec-4] c.liu.mapper.BlogMapper.getDetailedBlog  : ==> Parameters: 5(Long)
2021-04-19 20:42:46.726 DEBUG 9692 --- [http-nio-8080-exec-4] c.liu.mapper.BlogMapper.getDetailedBlog  : <==      Total: 1
2021-04-19 20:42:46.727 DEBUG 9692 --- [http-nio-8080-exec-4] com.liu.mapper.BlogMapper.updateViews    : ==>  Preparing: update blog.t_blog b set b.views = b.views +1 where b.id = ? 
2021-04-19 20:42:46.727 DEBUG 9692 --- [http-nio-8080-exec-4] com.liu.mapper.BlogMapper.updateViews    : ==> Parameters: 5(Long)
2021-04-19 20:42:46.732 DEBUG 9692 --- [http-nio-8080-exec-4] com.liu.mapper.BlogMapper.updateViews    : <==    Updates: 1
2021-04-19 20:42:46.732 DEBUG 9692 --- [http-nio-8080-exec-4] c.l.m.BlogMapper.getCommentCountByid     : ==>  Preparing: update blog.t_blog b set b.comment_count = (select count(*) from blog.t_comment c where c.blog_id = ? and b.id = ?) where b.id = ? 
2021-04-19 20:42:46.732 DEBUG 9692 --- [http-nio-8080-exec-4] c.l.m.BlogMapper.getCommentCountByid     : ==> Parameters: 5(Long), 5(Long), 5(Long)
2021-04-19 20:42:46.736 DEBUG 9692 --- [http-nio-8080-exec-4] c.l.m.BlogMapper.getCommentCountByid     : <==    Updates: 1
2021-04-19 20:42:46.737 DEBUG 9692 --- [http-nio-8080-exec-4] com.liu.mapper.BlogMapper.getBlogById    : ==>  Preparing: select b.id,b.title,b.appreciation,b.content,b.first_picture,b.share_statement,b.commentabled,b.recommened,b.published,b.views,b.update_time,b.type_id,t.id,t.name from blog.t_blog b left outer join blog.t_type t on b.type_id = t.id where b.id = ? 
2021-04-19 20:42:46.737 DEBUG 9692 --- [http-nio-8080-exec-4] com.liu.mapper.BlogMapper.getBlogById    : ==> Parameters: 4(Long)
2021-04-19 20:42:46.739 DEBUG 9692 --- [http-nio-8080-exec-4] com.liu.mapper.BlogMapper.getBlogById    : <==      Total: 1
2021-04-19 20:42:46.741 DEBUG 9692 --- [http-nio-8080-exec-4] com.liu.mapper.BlogMapper.getBlogById    : ==>  Preparing: select b.id,b.title,b.appreciation,b.content,b.first_picture,b.share_statement,b.commentabled,b.recommened,b.published,b.views,b.update_time,b.type_id,t.id,t.name from blog.t_blog b left outer join blog.t_type t on b.type_id = t.id where b.id = ? 
2021-04-19 20:42:46.741 DEBUG 9692 --- [http-nio-8080-exec-4] com.liu.mapper.BlogMapper.getBlogById    : ==> Parameters: 6(Long)
2021-04-19 20:42:46.743 DEBUG 9692 --- [http-nio-8080-exec-4] com.liu.mapper.BlogMapper.getBlogById    : <==      Total: 1
2021-04-19 20:42:47.722 DEBUG 9692 --- [http-nio-8080-exec-10] c.liu.mapper.BlogMapper.getDetailedBlog  : ==>  Preparing: select b.id,b.title,b.content,b.update_time,b.create_time,b.views,b.comment_count,b.commentabled,b.share_statement,b.appreciation,u.nick_name from blog.t_blog b,blog.t_user u where b.user_id = u.id and b.id = ? 
2021-04-19 20:42:47.722 DEBUG 9692 --- [http-nio-8080-exec-10] c.liu.mapper.BlogMapper.getDetailedBlog  : ==> Parameters: 4(Long)
2021-04-19 20:42:47.726 DEBUG 9692 --- [http-nio-8080-exec-10] c.liu.mapper.BlogMapper.getDetailedBlog  : <==      Total: 1
2021-04-19 20:42:47.727 DEBUG 9692 --- [http-nio-8080-exec-10] com.liu.mapper.BlogMapper.updateViews    : ==>  Preparing: update blog.t_blog b set b.views = b.views +1 where b.id = ? 
2021-04-19 20:42:47.727 DEBUG 9692 --- [http-nio-8080-exec-10] com.liu.mapper.BlogMapper.updateViews    : ==> Parameters: 4(Long)
2021-04-19 20:42:47.735 DEBUG 9692 --- [http-nio-8080-exec-10] com.liu.mapper.BlogMapper.updateViews    : <==    Updates: 1
2021-04-19 20:42:47.736 DEBUG 9692 --- [http-nio-8080-exec-10] c.l.m.BlogMapper.getCommentCountByid     : ==>  Preparing: update blog.t_blog b set b.comment_count = (select count(*) from blog.t_comment c where c.blog_id = ? and b.id = ?) where b.id = ? 
2021-04-19 20:42:47.736 DEBUG 9692 --- [http-nio-8080-exec-10] c.l.m.BlogMapper.getCommentCountByid     : ==> Parameters: 4(Long), 4(Long), 4(Long)
2021-04-19 20:42:47.739 DEBUG 9692 --- [http-nio-8080-exec-10] c.l.m.BlogMapper.getCommentCountByid     : <==    Updates: 1
2021-04-19 20:42:47.740 DEBUG 9692 --- [http-nio-8080-exec-10] com.liu.mapper.BlogMapper.getBlogById    : ==>  Preparing: select b.id,b.title,b.appreciation,b.content,b.first_picture,b.share_statement,b.commentabled,b.recommened,b.published,b.views,b.update_time,b.type_id,t.id,t.name from blog.t_blog b left outer join blog.t_type t on b.type_id = t.id where b.id = ? 
2021-04-19 20:42:47.740 DEBUG 9692 --- [http-nio-8080-exec-10] com.liu.mapper.BlogMapper.getBlogById    : ==> Parameters: 3(Long)
2021-04-19 20:42:47.742 DEBUG 9692 --- [http-nio-8080-exec-10] com.liu.mapper.BlogMapper.getBlogById    : <==      Total: 1
2021-04-19 20:42:47.743 DEBUG 9692 --- [http-nio-8080-exec-10] com.liu.mapper.BlogMapper.getBlogById    : ==>  Preparing: select b.id,b.title,b.appreciation,b.content,b.first_picture,b.share_statement,b.commentabled,b.recommened,b.published,b.views,b.update_time,b.type_id,t.id,t.name from blog.t_blog b left outer join blog.t_type t on b.type_id = t.id where b.id = ? 
2021-04-19 20:42:47.743 DEBUG 9692 --- [http-nio-8080-exec-10] com.liu.mapper.BlogMapper.getBlogById    : ==> Parameters: 5(Long)
2021-04-19 20:42:47.744 DEBUG 9692 --- [http-nio-8080-exec-10] com.liu.mapper.BlogMapper.getBlogById    : <==      Total: 1
2021-04-19 20:53:50.643 DEBUG 9692 --- [http-nio-8080-exec-4] c.l.m.BlogMapper.getFirstPageBlog_COUNT  : ==>  Preparing: SELECT count(0) FROM blog.t_blog b, blog.t_type t, blog.t_user u WHERE b.type_id = t.id AND b.user_id = u.id 
2021-04-19 20:53:50.643 DEBUG 9692 --- [http-nio-8080-exec-4] c.l.m.BlogMapper.getFirstPageBlog_COUNT  : ==> Parameters: 
2021-04-19 20:53:50.652 DEBUG 9692 --- [http-nio-8080-exec-4] c.l.m.BlogMapper.getFirstPageBlog_COUNT  : <==      Total: 1
2021-04-19 20:53:50.653 DEBUG 9692 --- [http-nio-8080-exec-4] c.l.mapper.BlogMapper.getFirstPageBlog   : ==>  Preparing: select b.id,b.title,b.flag,b.first_picture,b.content,b.views,b.recommened,b.create_time,b.update_time,t.name,u.nick_name from blog.t_blog b,blog.t_type t,blog.t_user u where b.type_id = t.id and b.user_id =u.id order by b.create_time desc LIMIT ? 
2021-04-19 20:53:50.679 DEBUG 9692 --- [http-nio-8080-exec-4] c.l.mapper.BlogMapper.getFirstPageBlog   : ==> Parameters: 10(Integer)
2021-04-19 20:53:50.695 DEBUG 9692 --- [http-nio-8080-exec-4] c.l.mapper.BlogMapper.getFirstPageBlog   : <==      Total: 6
2021-04-19 20:53:50.696 DEBUG 9692 --- [http-nio-8080-exec-4] com.liu.mapper.TypeMapper.typeList       : ==>  Preparing: select * from blog.t_type 
2021-04-19 20:53:50.696 DEBUG 9692 --- [http-nio-8080-exec-4] com.liu.mapper.TypeMapper.typeList       : ==> Parameters: 
2021-04-19 20:53:50.697 DEBUG 9692 --- [http-nio-8080-exec-4] com.liu.mapper.TypeMapper.typeList       : <==      Total: 5
2021-04-19 20:53:50.724 DEBUG 9692 --- [http-nio-8080-exec-4] c.l.m.BlogMapper.getBlogByRecommened     : ==>  Preparing: select id,title,recommened from blog.t_blog b where b.recommened = ? order by create_time desc limit 3 
2021-04-19 20:53:50.725 DEBUG 9692 --- [http-nio-8080-exec-4] c.l.m.BlogMapper.getBlogByRecommened     : ==> Parameters: true(Boolean)
2021-04-19 20:53:50.728 DEBUG 9692 --- [http-nio-8080-exec-4] c.l.m.BlogMapper.getBlogByRecommened     : <==      Total: 3
2021-04-19 20:53:50.728 DEBUG 9692 --- [http-nio-8080-exec-4] c.liu.mapper.BlogMapper.getBlogByViews   : ==>  Preparing: select * from blog.t_blog order by views limit 8 
2021-04-19 20:53:50.729 DEBUG 9692 --- [http-nio-8080-exec-4] c.liu.mapper.BlogMapper.getBlogByViews   : ==> Parameters: 
2021-04-19 20:53:50.735 DEBUG 9692 --- [http-nio-8080-exec-4] c.liu.mapper.BlogMapper.getBlogByViews   : <==      Total: 6
